11:32:53.932 [restartedMain] INFO  c.c.springMvc.SpringMvcApplication - Starting SpringMvcApplication using Java 17.0.10 with PID 4961 (/home/arjun/Backend/JB/springMvc/target/classes started by arjun in /home/arjun/Backend/JB/springMvc)
11:32:53.945 [restartedMain] DEBUG c.c.springMvc.SpringMvcApplication - Running with Spring Boot v3.2.3, Spring v6.1.4
11:32:53.951 [restartedMain] INFO  c.c.springMvc.SpringMvcApplication - No active profile set, falling back to 1 default profile: "default"
11:32:54.252 [restartedMain] INFO  o.s.b.d.e.DevToolsPropertyDefaultsPostProcessor - Devtools property defaults active! Set 'spring.devtools.add-properties' to 'false' to disable
11:32:54.253 [restartedMain] INFO  o.s.b.d.e.DevToolsPropertyDefaultsPostProcessor - For additional web related logging consider setting the 'logging.level.web' property to 'DEBUG'
11:32:56.535 [restartedMain] INFO  o.s.b.w.e.tomcat.TomcatWebServer - Tomcat initialized with port 5050 (http)
11:32:56.549 [restartedMain] INFO  o.a.coyote.http11.Http11NioProtocol - Initializing ProtocolHandler ["http-nio-5050"]
11:32:56.553 [restartedMain] INFO  o.a.catalina.core.StandardService - Starting service [Tomcat]
11:32:56.554 [restartedMain] INFO  o.a.catalina.core.StandardEngine - Starting Servlet engine: [Apache Tomcat/10.1.19]
11:32:56.644 [restartedMain] INFO  o.a.c.c.C.[Tomcat].[localhost].[/] - Initializing Spring embedded WebApplicationContext
11:32:56.647 [restartedMain] INFO  o.s.b.w.s.c.ServletWebServerApplicationContext - Root WebApplicationContext: initialization completed in 2389 ms
11:32:56.983 [restartedMain] WARN  o.s.w.s.m.m.a.RequestMappingHandlerMapping - Multiple @RequestMapping annotations found on public org.springframework.http.ResponseEntity com.codeneeti.springMvc.controllers.Customer.setCustomer(java.util.List), but only the first will be used: [@org.springframework.web.bind.annotation.RequestMapping(consumes={}, headers={}, method={}, name="", params={}, path={"/about"}, produces={}, value={"/about"}), @org.springframework.web.bind.annotation.PostMapping(consumes={}, headers={}, name="", params={}, path={}, produces={}, value={})]
11:32:57.260 [restartedMain] INFO  o.s.b.d.a.OptionalLiveReloadServer - LiveReload server is running on port 35729
11:32:57.281 [restartedMain] INFO  o.a.coyote.http11.Http11NioProtocol - Starting ProtocolHandler ["http-nio-5050"]
11:32:57.298 [restartedMain] INFO  o.s.b.w.e.tomcat.TomcatWebServer - Tomcat started on port 5050 (http) with context path ''
11:32:57.310 [restartedMain] INFO  c.c.springMvc.SpringMvcApplication - Started SpringMvcApplication in 4.363 seconds (process running for 6.15)
11:33:08.890 [restartedMain] INFO  c.c.springMvc.SpringMvcApplication - Starting SpringMvcApplication using Java 17.0.10 with PID 5037 (/home/arjun/Backend/JB/springMvc/target/classes started by arjun in /home/arjun/Backend/JB/springMvc)
11:33:08.892 [restartedMain] DEBUG c.c.springMvc.SpringMvcApplication - Running with Spring Boot v3.2.3, Spring v6.1.4
11:33:08.901 [restartedMain] INFO  c.c.springMvc.SpringMvcApplication - No active profile set, falling back to 1 default profile: "default"
11:33:09.095 [restartedMain] INFO  o.s.b.d.e.DevToolsPropertyDefaultsPostProcessor - Devtools property defaults active! Set 'spring.devtools.add-properties' to 'false' to disable
11:33:09.096 [restartedMain] INFO  o.s.b.d.e.DevToolsPropertyDefaultsPostProcessor - For additional web related logging consider setting the 'logging.level.web' property to 'DEBUG'
11:33:10.677 [restartedMain] INFO  o.s.b.w.e.tomcat.TomcatWebServer - Tomcat initialized with port 5050 (http)
11:33:10.704 [restartedMain] INFO  o.a.coyote.http11.Http11NioProtocol - Initializing ProtocolHandler ["http-nio-5050"]
11:33:10.712 [restartedMain] INFO  o.a.catalina.core.StandardService - Starting service [Tomcat]
11:33:10.714 [restartedMain] INFO  o.a.catalina.core.StandardEngine - Starting Servlet engine: [Apache Tomcat/10.1.19]
11:33:10.794 [restartedMain] INFO  o.a.c.c.C.[Tomcat].[localhost].[/] - Initializing Spring embedded WebApplicationContext
11:33:10.797 [restartedMain] INFO  o.s.b.w.s.c.ServletWebServerApplicationContext - Root WebApplicationContext: initialization completed in 1697 ms
11:33:11.134 [restartedMain] WARN  o.s.w.s.m.m.a.RequestMappingHandlerMapping - Multiple @RequestMapping annotations found on public org.springframework.http.ResponseEntity com.codeneeti.springMvc.controllers.Customer.setCustomer(java.util.List), but only the first will be used: [@org.springframework.web.bind.annotation.RequestMapping(consumes={}, headers={}, method={}, name="", params={}, path={"/about"}, produces={}, value={"/about"}), @org.springframework.web.bind.annotation.PostMapping(consumes={}, headers={}, name="", params={}, path={}, produces={}, value={})]
11:33:11.542 [restartedMain] INFO  o.s.b.d.a.OptionalLiveReloadServer - LiveReload server is running on port 35729
11:33:11.574 [restartedMain] INFO  o.a.coyote.http11.Http11NioProtocol - Starting ProtocolHandler ["http-nio-5050"]
11:33:11.594 [restartedMain] INFO  o.s.b.w.e.tomcat.TomcatWebServer - Tomcat started on port 5050 (http) with context path ''
11:33:11.614 [restartedMain] INFO  c.c.springMvc.SpringMvcApplication - Started SpringMvcApplication in 3.581 seconds (process running for 4.849)
11:34:08.882 [restartedMain] INFO  c.c.springMvc.SpringMvcApplication - Starting SpringMvcApplication using Java 17.0.10 with PID 5146 (/home/arjun/Backend/JB/springMvc/target/classes started by arjun in /home/arjun/Backend/JB/springMvc)
11:34:08.886 [restartedMain] DEBUG c.c.springMvc.SpringMvcApplication - Running with Spring Boot v3.2.3, Spring v6.1.4
11:34:08.888 [restartedMain] INFO  c.c.springMvc.SpringMvcApplication - No active profile set, falling back to 1 default profile: "default"
11:34:09.128 [restartedMain] INFO  o.s.b.d.e.DevToolsPropertyDefaultsPostProcessor - Devtools property defaults active! Set 'spring.devtools.add-properties' to 'false' to disable
11:34:09.130 [restartedMain] INFO  o.s.b.d.e.DevToolsPropertyDefaultsPostProcessor - For additional web related logging consider setting the 'logging.level.web' property to 'DEBUG'
11:34:11.078 [restartedMain] INFO  o.s.b.w.e.tomcat.TomcatWebServer - Tomcat initialized with port 5050 (http)
11:34:11.092 [restartedMain] INFO  o.a.coyote.http11.Http11NioProtocol - Initializing ProtocolHandler ["http-nio-5050"]
11:34:11.096 [restartedMain] INFO  o.a.catalina.core.StandardService - Starting service [Tomcat]
11:34:11.097 [restartedMain] INFO  o.a.catalina.core.StandardEngine - Starting Servlet engine: [Apache Tomcat/10.1.19]
11:34:11.163 [restartedMain] INFO  o.a.c.c.C.[Tomcat].[localhost].[/] - Initializing Spring embedded WebApplicationContext
11:34:11.166 [restartedMain] INFO  o.s.b.w.s.c.ServletWebServerApplicationContext - Root WebApplicationContext: initialization completed in 2029 ms
11:34:11.454 [restartedMain] WARN  o.s.w.s.m.m.a.RequestMappingHandlerMapping - Multiple @RequestMapping annotations found on public org.springframework.http.ResponseEntity com.codeneeti.springMvc.controllers.Customer.setCustomer(java.util.List), but only the first will be used: [@org.springframework.web.bind.annotation.RequestMapping(consumes={}, headers={}, method={}, name="", params={}, path={"/about"}, produces={}, value={"/about"}), @org.springframework.web.bind.annotation.PostMapping(consumes={}, headers={}, name="", params={}, path={}, produces={}, value={})]
11:34:11.723 [restartedMain] INFO  o.s.b.d.a.OptionalLiveReloadServer - LiveReload server is running on port 35729
11:34:11.748 [restartedMain] INFO  o.a.coyote.http11.Http11NioProtocol - Starting ProtocolHandler ["http-nio-5050"]
11:34:11.764 [restartedMain] INFO  o.s.b.w.e.tomcat.TomcatWebServer - Tomcat started on port 5050 (http) with context path ''
11:34:11.783 [restartedMain] INFO  c.c.springMvc.SpringMvcApplication - Started SpringMvcApplication in 3.665 seconds (process running for 4.846)
11:35:14.090 [http-nio-5050-exec-2] INFO  o.a.c.c.C.[Tomcat].[localhost].[/] - Initializing Spring DispatcherServlet 'dispatcherServlet'
11:35:14.091 [http-nio-5050-exec-2] INFO  o.s.web.servlet.DispatcherServlet - Initializing Servlet 'dispatcherServlet'
11:35:14.093 [http-nio-5050-exec-2] INFO  o.s.web.servlet.DispatcherServlet - Completed initialization in 2 ms
11:35:14.144 [http-nio-5050-exec-2] ERROR c.c.springMvc.controllers.Products - pid 12
11:35:14.147 [http-nio-5050-exec-2] INFO  c.c.springMvc.controllers.Products - Executing getHelloMessage method
11:35:14.147 [http-nio-5050-exec-2] DEBUG c.c.springMvc.controllers.Products - debugging mode
